Usage: streamlit run [OPTIONS] [TARGET] [ARGS]...
Try 'streamlit run --help' for help.

Error: Invalid value: File does not exist: app/app.py

Collecting usage statistics. To deactivate, set browser.gatherUsageStats to false.

2026-06-27 21:51:18.843 Uvicorn server started on 0.0.0.0:8501

  You can now view your Streamlit app in your browser.

  Local URL: http://localhost:8501
  Network URL: http://172.28.0.12:8501
  External URL: http://8.229.13.139:8501

2026-06-27 21:51:31 [INFO] src.data_pipeline — Loading raw CSV files from /content/fifa-match-outcome-prediction-system-main/data/raw
2026-06-27 21:51:31 [INFO] src.data_pipeline — results.csv loaded — 49477 rows, 9 columns
2026-06-27 21:51:31 [INFO] src.data_pipeline — goalscorers.csv loaded — 47690 rows, 8 columns
2026-06-27 21:51:31 [INFO] src.data_pipeline — shootouts.csv loaded — 678 rows, 5 columns
2026-06-27 21:51:31 [INFO] src.data_pipeline — former_names.csv loaded — 36 rows, 4 columns
2026-06-27 21:51:31 [INFO] src.data_pipeline — Starting dataset merge pipeline …
2026-06-27 21:51:31 [INFO] src.data_pipeline — resolve_team_names('home_team'): 0 renames needed — dataset already uses current team names (former_names.csv serves as reference metadata).
2026-06-27 21:51:32 [INFO] src.data_pipeline — resolve_team_names('away_team'): 0 renames needed — dataset already uses current team names (former_names.csv serves as reference metadata).
2026-06-27 21:51:32 [INFO] src.data_pipeline — resolve_team_names('home_team'): 0 renames needed — dataset already uses current team names (former_names.csv serves as reference metadata).
2026-06-27 21:51:32 [INFO] src.data_pipeline — resolve_team_names('away_team'): 0 renames needed — dataset already uses current team names (former_names.csv serves as reference metadata).
2026-06-27 21:51:32 [INFO] src.data_pipeline — resolve_team_names('winner'): 0 renames needed — dataset already uses current team names (former_names.csv serves as reference metadata).
2026-06-27 21:51:32 [INFO] src.data_pipeline — resolve_team_names('home_team'): 0 renames needed — dataset already uses current team names (former_names.csv serves as reference metadata).
2026-06-27 21:51:32 [INFO] src.data_pipeline — resolve_team_names('away_team'): 0 renames needed — dataset already uses current team names (former_names.csv serves as reference metadata).
2026-06-27 21:51:32 [INFO] src.data_pipeline — resolve_team_names('team'): 0 renames needed — dataset already uses current team names (former_names.csv serves as reference metadata).
2026-06-27 21:51:32 [INFO] src.data_pipeline — After results + shootouts merge: 49477 rows, 11 cols
2026-06-27 21:51:32 [INFO] src.data_pipeline — _aggregate_goal_features: 15467 match-level goal aggregations produced
2026-06-27 21:51:32 [INFO] src.data_pipeline — After goal aggregation merge: 49477 rows, 18 cols
2026-06-27 21:51:32 [INFO] src.data_pipeline — handle_missing_values: 44 incomplete match(es) flagged (scores not imputed)
2026-06-27 21:51:32 [INFO] src.data_pipeline — create_match_result_label: result distribution — {'home_win': 24227, 'away_win': 13963, 'draw': 11243}
2026-06-27 21:51:33 [INFO] src.data_pipeline — split_by_tournament_weight: tier distribution — {1: 2690, 2: 17317, 3: 29470}
2026-06-27 21:51:33 [INFO] src.data_pipeline — Master dataframe ready — 49477 rows × 24 columns
2026-06-27 21:51:33 [INFO] src.data_pipeline — Loading raw CSV files from /content/fifa-match-outcome-prediction-system-main/data/raw
2026-06-27 21:51:33 [INFO] src.data_pipeline — results.csv loaded — 49477 rows, 9 columns
2026-06-27 21:51:33 [INFO] src.data_pipeline — goalscorers.csv loaded — 47690 rows, 8 columns
2026-06-27 21:51:33 [INFO] src.data_pipeline — shootouts.csv loaded — 678 rows, 5 columns
2026-06-27 21:51:33 [INFO] src.data_pipeline — former_names.csv loaded — 36 rows, 4 columns
2026-06-27 21:51:38 [INFO] src.feature_engineering — FeatureEngineer.fit() called on 2000 rows
2026-06-27 21:52:08 [INFO] src.feature_engineering — FeatureEngineer.transform() — building features for 1 matches
2026-06-27 21:52:08 [INFO] src.feature_engineering — Features built — shape (1, 45)
2026-06-27 21:52:48.799 Please replace `use_container_width` with `width`.

`use_container_width` will be removed after 2025-12-31.

For `use_container_width=True`, use `width='stretch'`. For `use_container_width=False`, use `width='content'`.
2026-06-27 21:56:48.963 Please replace `use_container_width` with `width`.

`use_container_width` will be removed after 2025-12-31.

For `use_container_width=True`, use `width='stretch'`. For `use_container_width=False`, use `width='content'`.
2026-06-27 21:56:49.098 Please replace `use_container_width` with `width`.

`use_container_width` will be removed after 2025-12-31.

For `use_container_width=True`, use `width='stretch'`. For `use_container_width=False`, use `width='content'`.
2026-06-27 21:56:49.176 Please replace `use_container_width` with `width`.

`use_container_width` will be removed after 2025-12-31.

For `use_container_width=True`, use `width='stretch'`. For `use_container_width=False`, use `width='content'`.
2026-06-27 21:56:49.247 Please replace `use_container_width` with `width`.

`use_container_width` will be removed after 2025-12-31.

For `use_container_width=True`, use `width='stretch'`. For `use_container_width=False`, use `width='content'`.
2026-06-27 21:56:49.304 Please replace `use_container_width` with `width`.

`use_container_width` will be removed after 2025-12-31.

For `use_container_width=True`, use `width='stretch'`. For `use_container_width=False`, use `width='content'`.
2026-06-27 21:56:49.364 Please replace `use_container_width` with `width`.

`use_container_width` will be removed after 2025-12-31.

For `use_container_width=True`, use `width='stretch'`. For `use_container_width=False`, use `width='content'`.
2026-06-27 21:56:49.473 Please replace `use_container_width` with `width`.

`use_container_width` will be removed after 2025-12-31.

For `use_container_width=True`, use `width='stretch'`. For `use_container_width=False`, use `width='content'`.
2026-06-27 21:56:49.604 Please replace `use_container_width` with `width`.

`use_container_width` will be removed after 2025-12-31.

For `use_container_width=True`, use `width='stretch'`. For `use_container_width=False`, use `width='content'`.
2026-06-27 21:56:49.701 Please replace `use_container_width` with `width`.

`use_container_width` will be removed after 2025-12-31.

For `use_container_width=True`, use `width='stretch'`. For `use_container_width=False`, use `width='content'`.
2026-06-27 21:56:49.966 Please replace `use_container_width` with `width`.

`use_container_width` will be removed after 2025-12-31.

For `use_container_width=True`, use `width='stretch'`. For `use_container_width=False`, use `width='content'`.
2026-06-27 21:56:50.157 Please replace `use_container_width` with `width`.

`use_container_width` will be removed after 2025-12-31.

For `use_container_width=True`, use `width='stretch'`. For `use_container_width=False`, use `width='content'`.
2026-06-27 21:56:50.190 Please replace `use_container_width` with `width`.

`use_container_width` will be removed after 2025-12-31.

For `use_container_width=True`, use `width='stretch'`. For `use_container_width=False`, use `width='content'`.
2026-06-27 21:56:50.218 Please replace `use_container_width` with `width`.

`use_container_width` will be removed after 2025-12-31.

For `use_container_width=True`, use `width='stretch'`. For `use_container_width=False`, use `width='content'`.
2026-06-27 22:11:35 [INFO] src.data_pipeline — Loading raw CSV files from /content/fifa-match-outcome-prediction-system-main/data/raw
2026-06-27 22:11:36 [INFO] src.data_pipeline — results.csv loaded — 49477 rows, 9 columns
2026-06-27 22:11:36 [INFO] src.data_pipeline — goalscorers.csv loaded — 47690 rows, 8 columns
2026-06-27 22:11:36 [INFO] src.data_pipeline — shootouts.csv loaded — 678 rows, 5 columns
2026-06-27 22:11:36 [INFO] src.data_pipeline — former_names.csv loaded — 36 rows, 4 columns
2026-06-27 22:11:36 [INFO] src.data_pipeline — Starting dataset merge pipeline …
2026-06-27 22:11:36 [INFO] src.data_pipeline — resolve_team_names('home_team'): 0 renames needed — dataset already uses current team names (former_names.csv serves as reference metadata).
2026-06-27 22:11:36 [INFO] src.data_pipeline — resolve_team_names('away_team'): 0 renames needed — dataset already uses current team names (former_names.csv serves as reference metadata).
2026-06-27 22:11:36 [INFO] src.data_pipeline — resolve_team_names('home_team'): 0 renames needed — dataset already uses current team names (former_names.csv serves as reference metadata).
2026-06-27 22:11:36 [INFO] src.data_pipeline — resolve_team_names('away_team'): 0 renames needed — dataset already uses current team names (former_names.csv serves as reference metadata).
2026-06-27 22:11:36 [INFO] src.data_pipeline — resolve_team_names('winner'): 0 renames needed — dataset already uses current team names (former_names.csv serves as reference metadata).
2026-06-27 22:11:37 [INFO] src.data_pipeline — resolve_team_names('home_team'): 0 renames needed — dataset already uses current team names (former_names.csv serves as reference metadata).
2026-06-27 22:11:37 [INFO] src.data_pipeline — resolve_team_names('away_team'): 0 renames needed — dataset already uses current team names (former_names.csv serves as reference metadata).
2026-06-27 22:11:37 [INFO] src.data_pipeline — resolve_team_names('team'): 0 renames needed — dataset already uses current team names (former_names.csv serves as reference metadata).
2026-06-27 22:11:37 [INFO] src.data_pipeline — After results + shootouts merge: 49477 rows, 11 cols
2026-06-27 22:11:38 [INFO] src.data_pipeline — _aggregate_goal_features: 15467 match-level goal aggregations produced
2026-06-27 22:11:38 [INFO] src.data_pipeline — After goal aggregation merge: 49477 rows, 18 cols
2026-06-27 22:11:38 [INFO] src.data_pipeline — handle_missing_values: 44 incomplete match(es) flagged (scores not imputed)
2026-06-27 22:11:38 [INFO] src.data_pipeline — create_match_result_label: result distribution — {'home_win': 24227, 'away_win': 13963, 'draw': 11243}
2026-06-27 22:11:38 [INFO] src.data_pipeline — split_by_tournament_weight: tier distribution — {1: 2690, 2: 17317, 3: 29470}
2026-06-27 22:11:38 [INFO] src.data_pipeline — Master dataframe ready — 49477 rows × 24 columns
2026-06-27 22:11:38 [INFO] src.data_pipeline — Loading raw CSV files from /content/fifa-match-outcome-prediction-system-main/data/raw
2026-06-27 22:11:38 [INFO] src.data_pipeline — results.csv loaded — 49477 rows, 9 columns
2026-06-27 22:11:39 [INFO] src.data_pipeline — goalscorers.csv loaded — 47690 rows, 8 columns
2026-06-27 22:11:39 [INFO] src.data_pipeline — shootouts.csv loaded — 678 rows, 5 columns
2026-06-27 22:11:39 [INFO] src.data_pipeline — former_names.csv loaded — 36 rows, 4 columns
2026-06-27 22:11:44 [INFO] src.feature_engineering — FeatureEngineer.fit() called on 2000 rows
2026-06-27 22:11:54 [INFO] src.feature_engineering — FeatureEngineer.transform() — building features for 1 matches
2026-06-27 22:11:54 [INFO] src.feature_engineering — Features built — shape (1, 45)
2026-06-27 22:11:54.964 Please replace `use_container_width` with `width`.

`use_container_width` will be removed after 2025-12-31.

For `use_container_width=True`, use `width='stretch'`. For `use_container_width=False`, use `width='content'`.
2026-06-27 22:12:37 [INFO] src.feature_engineering — FeatureEngineer.transform() — building features for 1 matches
2026-06-27 22:12:37 [INFO] src.feature_engineering — Features built — shape (1, 45)
2026-06-27 22:12:38.573 Please replace `use_container_width` with `width`.

`use_container_width` will be removed after 2025-12-31.

For `use_container_width=True`, use `width='stretch'`. For `use_container_width=False`, use `width='content'`.
2026-06-27 22:13:09.210 Please replace `use_container_width` with `width`.

`use_container_width` will be removed after 2025-12-31.

For `use_container_width=True`, use `width='stretch'`. For `use_container_width=False`, use `width='content'`.
2026-06-27 22:13:53.069 Please replace `use_container_width` with `width`.

`use_container_width` will be removed after 2025-12-31.

For `use_container_width=True`, use `width='stretch'`. For `use_container_width=False`, use `width='content'`.
2026-06-27 22:20:52 [INFO] src.feature_engineering — FeatureEngineer.transform() — building features for 1 matches
2026-06-27 22:20:52 [INFO] src.feature_engineering — Features built — shape (1, 45)
2026-06-27 22:20:52.427 Please replace `use_container_width` with `width`.

`use_container_width` will be removed after 2025-12-31.

For `use_container_width=True`, use `width='stretch'`. For `use_container_width=False`, use `width='content'`.
2026-06-27 22:21:06 [INFO] src.feature_engineering — FeatureEngineer.transform() — building features for 1 matches
2026-06-27 22:21:06 [INFO] src.feature_engineering — Features built — shape (1, 45)
2026-06-27 22:21:06.375 Please replace `use_container_width` with `width`.

`use_container_width` will be removed after 2025-12-31.

For `use_container_width=True`, use `width='stretch'`. For `use_container_width=False`, use `width='content'`.
2026-06-27 22:21:08 [INFO] src.feature_engineering — FeatureEngineer.transform() — building features for 1 matches
2026-06-27 22:21:08 [INFO] src.feature_engineering — Features built — shape (1, 45)
2026-06-27 22:21:09.442 Please replace `use_container_width` with `width`.

`use_container_width` will be removed after 2025-12-31.

For `use_container_width=True`, use `width='stretch'`. For `use_container_width=False`, use `width='content'`.
2026-06-27 22:21:25 [INFO] src.feature_engineering — FeatureEngineer.transform() — building features for 1 matches
2026-06-27 22:21:25 [INFO] src.feature_engineering — Features built — shape (1, 45)
2026-06-27 22:21:26.076 Please replace `use_container_width` with `width`.

`use_container_width` will be removed after 2025-12-31.

For `use_container_width=True`, use `width='stretch'`. For `use_container_width=False`, use `width='content'`.
2026-06-27 22:22:01 [INFO] src.feature_engineering — FeatureEngineer.transform() — building features for 1 matches
2026-06-27 22:22:02 [INFO] src.feature_engineering — Features built — shape (1, 45)
2026-06-27 22:22:02.984 Please replace `use_container_width` with `width`.

`use_container_width` will be removed after 2025-12-31.

For `use_container_width=True`, use `width='stretch'`. For `use_container_width=False`, use `width='content'`.
2026-06-27 22:22:24 [INFO] src.feature_engineering — FeatureEngineer.transform() — building features for 1 matches
2026-06-27 22:22:24 [INFO] src.feature_engineering — Features built — shape (1, 45)
2026-06-27 22:22:24.388 Please replace `use_container_width` with `width`.

`use_container_width` will be removed after 2025-12-31.

For `use_container_width=True`, use `width='stretch'`. For `use_container_width=False`, use `width='content'`.
2026-06-27 22:22:40 [INFO] src.feature_engineering — FeatureEngineer.transform() — building features for 1 matches
2026-06-27 22:22:40 [INFO] src.feature_engineering — Features built — shape (1, 45)
2026-06-27 22:22:41.051 Please replace `use_container_width` with `width`.

`use_container_width` will be removed after 2025-12-31.

For `use_container_width=True`, use `width='stretch'`. For `use_container_width=False`, use `width='content'`.
2026-06-27 22:22:49 [INFO] src.feature_engineering — FeatureEngineer.transform() — building features for 1 matches
2026-06-27 22:22:50 [INFO] src.feature_engineering — Features built — shape (1, 45)
2026-06-27 22:22:50.882 Please replace `use_container_width` with `width`.

`use_container_width` will be removed after 2025-12-31.

For `use_container_width=True`, use `width='stretch'`. For `use_container_width=False`, use `width='content'`.
2026-06-27 22:23:01 [INFO] src.feature_engineering — FeatureEngineer.transform() — building features for 1 matches
2026-06-27 22:23:01 [INFO] src.feature_engineering — Features built — shape (1, 45)
2026-06-27 22:23:02.217 Please replace `use_container_width` with `width`.

`use_container_width` will be removed after 2025-12-31.

For `use_container_width=True`, use `width='stretch'`. For `use_container_width=False`, use `width='content'`.
2026-06-27 22:23:14 [INFO] src.feature_engineering — FeatureEngineer.transform() — building features for 1 matches
2026-06-27 22:23:15 [INFO] src.feature_engineering — Features built — shape (1, 45)
2026-06-27 22:23:15.723 Please replace `use_container_width` with `width`.

`use_container_width` will be removed after 2025-12-31.

For `use_container_width=True`, use `width='stretch'`. For `use_container_width=False`, use `width='content'`.
2026-06-27 22:23:57.904 Please replace `use_container_width` with `width`.

`use_container_width` will be removed after 2025-12-31.

For `use_container_width=True`, use `width='stretch'`. For `use_container_width=False`, use `width='content'`.
2026-06-27 22:34:04 [INFO] src.feature_engineering — FeatureEngineer.transform() — building features for 1 matches
2026-06-27 22:34:05 [INFO] src.feature_engineering — Features built — shape (1, 45)
2026-06-27 22:34:05.241 Please replace `use_container_width` with `width`.

`use_container_width` will be removed after 2025-12-31.

For `use_container_width=True`, use `width='stretch'`. For `use_container_width=False`, use `width='content'`.
2026-06-27 22:34:31 [INFO] src.feature_engineering — FeatureEngineer.transform() — building features for 1 matches
2026-06-27 22:34:31 [INFO] src.feature_engineering — Features built — shape (1, 45)
2026-06-27 22:34:32.322 Please replace `use_container_width` with `width`.

`use_container_width` will be removed after 2025-12-31.

For `use_container_width=True`, use `width='stretch'`. For `use_container_width=False`, use `width='content'`.
2026-06-27 22:34:57 [INFO] src.feature_engineering — FeatureEngineer.transform() — building features for 1 matches
2026-06-27 22:34:58 [INFO] src.feature_engineering — Features built — shape (1, 45)
2026-06-27 22:34:58.570 Please replace `use_container_width` with `width`.

`use_container_width` will be removed after 2025-12-31.

For `use_container_width=True`, use `width='stretch'`. For `use_container_width=False`, use `width='content'`.
2026-06-27 22:35:52.098 Please replace `use_container_width` with `width`.

`use_container_width` will be removed after 2025-12-31.

For `use_container_width=True`, use `width='stretch'`. For `use_container_width=False`, use `width='content'`.
2026-06-27 22:35:57.892 Please replace `use_container_width` with `width`.

`use_container_width` will be removed after 2025-12-31.

For `use_container_width=True`, use `width='stretch'`. For `use_container_width=False`, use `width='content'`.
2026-06-27 22:37:46 [INFO] matplotlib.category — Using categorical units to plot a list of strings that are all parsable as floats or dates. If these strings should be plotted as numbers, cast to the appropriate data type before plotting.
2026-06-27 22:37:46 [INFO] matplotlib.category — Using categorical units to plot a list of strings that are all parsable as floats or dates. If these strings should be plotted as numbers, cast to the appropriate data type before plotting.
2026-06-27 22:37:46 [INFO] matplotlib.category — Using categorical units to plot a list of strings that are all parsable as floats or dates. If these strings should be plotted as numbers, cast to the appropriate data type before plotting.
2026-06-27 22:37:46 [INFO] matplotlib.category — Using categorical units to plot a list of strings that are all parsable as floats or dates. If these strings should be plotted as numbers, cast to the appropriate data type before plotting.
2026-06-27 22:37:57 [INFO] src.data_pipeline — Loading raw CSV files from /content/fifa-match-outcome-prediction-system-main/data/raw
2026-06-27 22:37:57 [INFO] src.data_pipeline — results.csv loaded — 49477 rows, 9 columns
2026-06-27 22:37:57 [INFO] src.data_pipeline — goalscorers.csv loaded — 47690 rows, 8 columns
2026-06-27 22:37:57 [INFO] src.data_pipeline — shootouts.csv loaded — 678 rows, 5 columns
2026-06-27 22:37:57 [INFO] src.data_pipeline — former_names.csv loaded — 36 rows, 4 columns
2026-06-27 22:38:00.172 Please replace `use_container_width` with `width`.

`use_container_width` will be removed after 2025-12-31.

For `use_container_width=True`, use `width='stretch'`. For `use_container_width=False`, use `width='content'`.
2026-06-27 22:38:33 [INFO] src.data_pipeline — Loading raw CSV files from /content/fifa-match-outcome-prediction-system-main/data/raw
2026-06-27 22:38:33 [INFO] src.data_pipeline — results.csv loaded — 49477 rows, 9 columns
2026-06-27 22:38:33 [INFO] src.data_pipeline — goalscorers.csv loaded — 47690 rows, 8 columns
2026-06-27 22:38:33 [INFO] src.data_pipeline — shootouts.csv loaded — 678 rows, 5 columns
2026-06-27 22:38:33 [INFO] src.data_pipeline — former_names.csv loaded — 36 rows, 4 columns
2026-06-27 22:38:36.314 Please replace `use_container_width` with `width`.

`use_container_width` will be removed after 2025-12-31.

For `use_container_width=True`, use `width='stretch'`. For `use_container_width=False`, use `width='content'`.
2026-06-27 22:39:28.858 Please replace `use_container_width` with `width`.

`use_container_width` will be removed after 2025-12-31.

For `use_container_width=True`, use `width='stretch'`. For `use_container_width=False`, use `width='content'`.
2026-06-27 22:39:47.295 Please replace `use_container_width` with `width`.

`use_container_width` will be removed after 2025-12-31.

For `use_container_width=True`, use `width='stretch'`. For `use_container_width=False`, use `width='content'`.
2026-06-27 22:40:49 [INFO] src.feature_engineering — FeatureEngineer.transform() — building features for 1 matches
2026-06-27 22:40:50 [INFO] src.feature_engineering — Features built — shape (1, 45)
2026-06-27 22:40:50.157 Please replace `use_container_width` with `width`.

`use_container_width` will be removed after 2025-12-31.

For `use_container_width=True`, use `width='stretch'`. For `use_container_width=False`, use `width='content'`.
2026-06-27 22:42:36 [INFO] src.data_pipeline — Loading raw CSV files from /content/fifa-match-outcome-prediction-system-main/data/raw
2026-06-27 22:42:36 [INFO] src.data_pipeline — results.csv loaded — 49477 rows, 9 columns
2026-06-27 22:42:36 [INFO] src.data_pipeline — goalscorers.csv loaded — 47690 rows, 8 columns
2026-06-27 22:42:37 [INFO] src.data_pipeline — shootouts.csv loaded — 678 rows, 5 columns
2026-06-27 22:42:37 [INFO] src.data_pipeline — former_names.csv loaded — 36 rows, 4 columns
2026-06-27 22:42:40.337 Please replace `use_container_width` with `width`.

`use_container_width` will be removed after 2025-12-31.

For `use_container_width=True`, use `width='stretch'`. For `use_container_width=False`, use `width='content'`.
2026-06-27 22:50:24 [INFO] src.feature_engineering — FeatureEngineer.transform() — building features for 1 matches
2026-06-27 22:50:24 [INFO] src.feature_engineering — Features built — shape (1, 45)
2026-06-27 22:50:24.897 Please replace `use_container_width` with `width`.

`use_container_width` will be removed after 2025-12-31.

For `use_container_width=True`, use `width='stretch'`. For `use_container_width=False`, use `width='content'`.
2026-06-27 22:51:07 [INFO] src.data_pipeline — Loading raw CSV files from /content/fifa-match-outcome-prediction-system-main/data/raw
2026-06-27 22:51:07 [INFO] src.data_pipeline — results.csv loaded — 49477 rows, 9 columns
2026-06-27 22:51:07 [INFO] src.data_pipeline — goalscorers.csv loaded — 47690 rows, 8 columns
2026-06-27 22:51:07 [INFO] src.data_pipeline — shootouts.csv loaded — 678 rows, 5 columns
2026-06-27 22:51:07 [INFO] src.data_pipeline — former_names.csv loaded — 36 rows, 4 columns
2026-06-27 22:51:10.293 Please replace `use_container_width` with `width`.

`use_container_width` will be removed after 2025-12-31.

For `use_container_width=True`, use `width='stretch'`. For `use_container_width=False`, use `width='content'`.
2026-06-27 22:57:10 [INFO] src.data_pipeline — Loading raw CSV files from /content/fifa-match-outcome-prediction-system-main/data/raw
2026-06-27 22:57:10 [INFO] src.data_pipeline — results.csv loaded — 49477 rows, 9 columns
2026-06-27 22:57:11 [INFO] src.data_pipeline — goalscorers.csv loaded — 47690 rows, 8 columns
2026-06-27 22:57:11 [INFO] src.data_pipeline — shootouts.csv loaded — 678 rows, 5 columns
2026-06-27 22:57:11 [INFO] src.data_pipeline — former_names.csv loaded — 36 rows, 4 columns
2026-06-27 22:57:13.558 Please replace `use_container_width` with `width`.

`use_container_width` will be removed after 2025-12-31.

For `use_container_width=True`, use `width='stretch'`. For `use_container_width=False`, use `width='content'`.
FIFA Match Prediction System loaded successfully!
FIFA Match Prediction System loaded successfully!
  Stopping...

Collecting usage statistics. To deactivate, set browser.gatherUsageStats to false.

2026-06-27 23:13:02.690 Port 8501 is not available

Collecting usage statistics. To deactivate, set browser.gatherUsageStats to false.

2026-06-27 23:14:57.161 Port 8501 is not available

Collecting usage statistics. To deactivate, set browser.gatherUsageStats to false.

2026-06-27 23:44:30.390 Port 8501 is not available
